2016-10-21 19:31:15.475846: Error en Aeronave 01/10/2016 851 AYD
2016-10-21 19:31:25.038393: Error en Aeronave 01/10/2016 851 AYD
2016-10-21 19:31:25.038393: ('AYD', None)
2016-10-21 19:31:25.040393: Error en Aeronave 03/10/2016 668 CCJ
2016-10-21 19:31:25.041393: ('CCJ', None)
2016-10-21 19:31:25.045393: Error en Aeronave 01/10/2016 631 WGM
2016-10-21 19:31:25.045393: ('WGM', None)
2016-10-21 19:31:25.050394: Error en Aeronave 02/10/2016 660 WGN
2016-10-21 19:31:25.050394: ('WGN', None)
2016-10-21 19:32:17.996422: Error en Orden 20161021T23:50:00 0 WGM
2016-10-21 19:32:18.000422: Error en Origen/Destino 20161013T04:25:00 693 WGN
2016-10-21 19:35:46.665357: Error en Orden 20161021T23:50:00 0 WGM
2016-10-21 19:36:01.314195: Error en Orden 20161021T23:50:00 0 WGM
2016-10-21 19:36:18.666187: Error en Orden 20161021T23:50:00 0 WGM
2016-10-21 19:36:18.671188: Error en Origen/Destino 20161010T22:30:00 693 WGN 20161013T04:25:00 693 WGN
2016-10-21 19:37:55.373719: Error en Orden 20161021T23:50:00 0 WGM
2016-10-21 19:37:55.378719: Error en Origen/Destino 20161010T22:30:00 693 WGN 20161013T04:25:00 693 WGN
2016-10-21 19:37:55.378719: Destino: BAQ, Origen: MAO
2016-10-21 19:38:23.426323: Error en Orden 20161021T23:50:00 0 WGM
2016-10-21 19:38:23.431324: Error en Origen/Destino 20161010T22:30:00 693 WGN 20161013T04:25:00 693 WGN
2016-10-21 19:38:23.431324: Destino: BAQ, Origen: MAO
2016-10-21 19:38:38.949211: Error en Orden 20161021T23:50:00 0 WGM
2016-10-21 19:38:38.954211: Error en Origen/Destino 20161010T22:30:00 693 WGN 20161013T04:25:00 693 WGN
2016-10-21 19:38:38.954211: Destino: BAQ, Origen: MAO
2016-10-21 19:39:36.677513: Error en Orden 20161021T23:50:00 0 WGM
2016-10-21 19:39:36.682513: Error en Origen/Destino 20161010T22:30:00 693 WGN 20161013T04:25:00 693 WGN
2016-10-21 19:39:36.683513: Destino: BAQ, Origen: MAO
2016-10-21 23:29:57.440489: Error en Orden 20161021T23:50:00 0 WGM
2016-10-21 23:32:18.714569: Error2 en Orden 20161021T23:50:00 0 WGM
